<?xml version="1.0" encoding="UTF-8"?>
<!-- Generated by org.testng.reporters.JUnitReportReporter -->
<testsuite hostname="CTAADPG038WZQ" failures="0" tests="4" name="org.ct_TestPackage.TestClass01" time="96.496" errors="0" timestamp="2023-03-13T16:00:35 IST" skipped="0">
  <testcase classname="org.ct_TestPackage.TestClass01" name="homepagetest" time="3.299"/>
  <system-out/>
  <testcase classname="org.ct_TestPackage.TestClass01" name="hristest" time="51.061"/>
  <system-out/>
  <testcase classname="org.ct_TestPackage.TestClass01" name="handledropdown" time="35.930"/>
  <system-out/>
  <testcase classname="org.ct_TestPackage.TestClass01" name="ClickOnRemoveIconMethodTest" time="6.206"/>
  <system-out/>
</testsuite> <!-- org.ct_TestPackage.TestClass01 -->
