<?xml version="1.0" encoding="UTF-8"?>
<!-- Generated by org.testng.reporters.JUnitReportReporter -->
<testsuite hostname="CTAADPG038WZQ" failures="0" tests="3" name="org.ct_TestPackage.Demodemo" time="12.779" errors="0" timestamp="2023-07-05T17:30:19 IST" skipped="0">
  <testcase classname="org.ct_TestPackage.Demodemo" name="dataprovidertest" time="3.819"/>
  <system-out/>
  <testcase classname="org.ct_TestPackage.Demodemo" name="dataprovidertest" time="3.967"/>
  <system-out/>
  <testcase classname="org.ct_TestPackage.Demodemo" name="dataprovidertest" time="4.993"/>
  <system-out/>
</testsuite> <!-- org.ct_TestPackage.Demodemo -->
